c:\users\skeem\documents\sources\persistence source\chaos-rootkit-4\pulsar.plugin.ring0\elysium\bootkit\bootkit\x64\release\freepages.obj
c:\users\skeem\documents\sources\persistence source\chaos-rootkit-4\pulsar.plugin.ring0\elysium\bootkit\bootkit\x64\release\efimain.obj
c:\users\skeem\documents\sources\persistence source\chaos-rootkit-4\pulsar.plugin.ring0\elysium\bootkit\bootkit\x64\release\labels.h.ifc
c:\users\skeem\documents\sources\persistence source\chaos-rootkit-4\pulsar.plugin.ring0\elysium\bootkit\bootkit\x64\release\labels.h.ifc.d.json
c:\users\skeem\documents\sources\persistence source\chaos-rootkit-4\pulsar.plugin.ring0\elysium\bootkit\bootkit\x64\release\labels.h.obj
c:\users\skeem\documents\sources\persistence source\chaos-rootkit-4\pulsar.plugin.ring0\elysium\bootkit\x64\bootx64.efi
c:\users\skeem\documents\sources\persistence source\chaos-rootkit-4\pulsar.plugin.ring0\elysium\bootkit\bootkit\x64\release\stub.obj
c:\users\skeem\documents\sources\persistence source\chaos-rootkit-4\pulsar.plugin.ring0\elysium\bootkit\bootkit\x64\release\labels.h.module.json
c:\users\skeem\documents\sources\persistence source\chaos-rootkit-4\pulsar.plugin.ring0\elysium\bootkit\bootkit\x64\release\bootkit.tlog\cl.11036.write.1.tlog
c:\users\skeem\documents\sources\persistence source\chaos-rootkit-4\pulsar.plugin.ring0\elysium\bootkit\bootkit\x64\release\bootkit.tlog\cl.command.1.tlog
c:\users\skeem\documents\sources\persistence source\chaos-rootkit-4\pulsar.plugin.ring0\elysium\bootkit\bootkit\x64\release\bootkit.tlog\cl.items.tlog
c:\users\skeem\documents\sources\persistence source\chaos-rootkit-4\pulsar.plugin.ring0\elysium\bootkit\bootkit\x64\release\bootkit.tlog\cl.read.1.tlog
c:\users\skeem\documents\sources\persistence source\chaos-rootkit-4\pulsar.plugin.ring0\elysium\bootkit\bootkit\x64\release\bootkit.tlog\link.command.1.tlog
c:\users\skeem\documents\sources\persistence source\chaos-rootkit-4\pulsar.plugin.ring0\elysium\bootkit\bootkit\x64\release\bootkit.tlog\link.read.1.tlog
c:\users\skeem\documents\sources\persistence source\chaos-rootkit-4\pulsar.plugin.ring0\elysium\bootkit\bootkit\x64\release\bootkit.tlog\link.secondary.1.tlog
c:\users\skeem\documents\sources\persistence source\chaos-rootkit-4\pulsar.plugin.ring0\elysium\bootkit\bootkit\x64\release\bootkit.tlog\link.write.1.tlog
c:\users\skeem\documents\sources\persistence source\chaos-rootkit-4\pulsar.plugin.ring0\elysium\bootkit\bootkit\x64\release\bootkit.tlog\masm.read.1u.tlog
c:\users\skeem\documents\sources\persistence source\chaos-rootkit-4\pulsar.plugin.ring0\elysium\bootkit\bootkit\x64\release\bootkit.tlog\masm.write.1u.tlog
c:\users\skeem\documents\sources\persistence source\chaos-rootkit-4\pulsar.plugin.ring0\elysium\bootkit\bootkit\x64\release\bootkit_md.tlog\cl.command.1.tlog
c:\users\skeem\documents\sources\persistence source\chaos-rootkit-4\pulsar.plugin.ring0\elysium\bootkit\bootkit\x64\release\bootkit_md.tlog\microsoft.build.cpptasks.cl.read.1.tlog
c:\users\skeem\documents\sources\persistence source\chaos-rootkit-4\pulsar.plugin.ring0\elysium\bootkit\bootkit\x64\release\bootkit_md.tlog\microsoft.build.cpptasks.cl.write.1.tlog
